<?xml version="1.0" encoding="UTF-8"?>
<!-- Generated by org.testng.reporters.JUnitReportReporter -->
<testsuite skipped="0" hostname="LAPTOP-KO317EUS" name="test.Startup" tests="1" failures="0" timestamp="2020-04-13T21:28:19 PDT" time="9.324" errors="0">
  <testcase name="path" time="9.324" classname="test.Startup"/>
  <system-out/>
</testsuite> <!-- test.Startup -->
